{"C:\\Users\\Jose\\OneDrive\\Escritorio\\ingsoft\\parcel-jest-base-main\\src\\App.js": {"path":"C:\\Users\\Jose\\OneDrive\\Escritorio\\ingsoft\\parcel-jest-base-main\\src\\App.js","statementMap":{"0":{"start":{"line":2,"column":2},"end":{"line":2,"column":15}}},"fnMap":{"0":{"name":"sumar","decl":{"start":{"line":1,"column":9},"end":{"line":1,"column":14}},"loc":{"start":{"line":1,"column":21},"end":{"line":3,"column":1}},"line":1}},"branchMap":{},"s":{"0":1},"f":{"0":1},"b":{},"_coverageSchema":"1a1c01bbd47fc00a2c39e90264f33305004495a9","hash":"6ac7cab3b61243125e4126e93c7606f38c96bad3"}
}
